<?xml version="1.0" encoding="UTF-8"?>
<!-- Generated by org.testng.reporters.JUnitXMLReporter -->
<testsuite hostname="acs-PC" ignored="0" name="Command line test" tests="1" failures="1" timestamp="10 Nov 2021 11:11:14 GMT" time="12.092" errors="0">
  <testcase name="launchUrlTest" time="1.31" classname="com.adjustSwaggerPetstore.testcases.LaunchTest">
    <failure type="java.lang.AssertionError" message="expected [Swagger UI] but found [Swagger UI1]">
      <![CDATA[java.lang.AssertionError: expected [Swagger UI] but found [Swagger UI1]
	at com.adjustSwaggerPetstore.pages.LandingPage.verifyPageTitle(LandingPage.java:22)
	at com.adjustSwaggerPetstore.testcases.LaunchTest.launchUrlTest(LaunchTest.java:14)
... Removed 40 stack frames]]>
    </failure>
  </testcase> <!-- launchUrlTest -->
</testsuite> <!-- Command line test -->
