<?xml version="1.0" encoding="UTF-8"?>
<testng-results skipped="1" failed="0" ignored="1" total="3" passed="1">
  <reporter-output>
  </reporter-output>
  <suite name="Suite" duration-ms="11001" started-at="2021-11-10T12:07:31Z" finished-at="2021-11-10T12:07:42Z">
    <groups>
    </groups>
    <test name="Test" duration-ms="11001" started-at="2021-11-10T12:07:31Z" finished-at="2021-11-10T12:07:42Z">
      <class name="com.adjustSwaggerPetstore.testcases.LaunchTest">
        <test-method status="PASS" signature="setupSuite()[pri:0, instance:com.adjustSwaggerPetstore.testcases.LaunchTest@68be2bc2]" name="setupSuite" is-config="true" duration-ms="732" started-at="2021-11-10T13:07:30Z" finished-at="2021-11-10T13:07:31Z">
          <reporter-output>
          </reporter-output>
        </test-method> <!-- setupSuite -->
        <test-method status="PASS" signature="setup()[pri:0, instance:com.adjustSwaggerPetstore.testcases.LaunchTest@68be2bc2]" name="setup" is-config="true" duration-ms="9271" started-at="2021-11-10T13:07:31Z" finished-at="2021-11-10T13:07:40Z">
          <reporter-output>
          </reporter-output>
        </test-method> <!-- setup -->
        <test-method status="PASS" signature="launchUrlTest()[pri:0, instance:com.adjustSwaggerPetstore.testcases.LaunchTest@68be2bc2]" name="launchUrlTest" duration-ms="1368" started-at="2021-11-10T13:07:40Z" finished-at="2021-11-10T13:07:42Z">
          <reporter-output>
          </reporter-output>
        </test-method> <!-- launchUrlTest -->
        <test-method status="PASS" signature="tearDownMethod(org.testng.ITestResult)[pri:0, instance:com.adjustSwaggerPetstore.testcases.LaunchTest@68be2bc2]" name="tearDownMethod" is-config="true" duration-ms="3" started-at="2021-11-10T13:07:42Z" finished-at="2021-11-10T13:07:42Z">
          <params>
            <param index="0">
              <value>
                <![CDATA[[TestResult name=launchUrlTest status=SUCCESS method=LaunchTest.launchUrlTest()[pri:0, instance:com.adjustSwaggerPetstore.testcases.LaunchTest@68be2bc2] output={null}]]]>
              </value>
            </param>
          </params>
          <reporter-output>
          </reporter-output>
        </test-method> <!-- tearDownMethod -->
        <test-method status="PASS" signature="tearDown()[pri:0, instance:com.adjustSwaggerPetstore.testcases.LaunchTest@68be2bc2]" name="tearDown" is-config="true" duration-ms="148" started-at="2021-11-10T13:07:42Z" finished-at="2021-11-10T13:07:42Z">
          <reporter-output>
          </reporter-output>
        </test-method> <!-- tearDown -->
      </class> <!-- com.adjustSwaggerPetstore.testcases.LaunchTest -->
      <class name="com.adjustSwaggerPetstore.testcases.PetPageTest">
        <test-method status="FAIL" signature="setup()[pri:0, instance:com.adjustSwaggerPetstore.testcases.PetPageTest@28feb3fa]" name="setup" is-config="true" duration-ms="0" started-at="2021-11-10T13:07:42Z" finished-at="2021-11-10T13:07:42Z">
          <exception class="java.lang.NullPointerException">
            <full-stacktrace>
              <![CDATA[java.lang.NullPointerException
	at com.adjustSwaggerPetstore.pages.BaseClass.setup(BaseClass.java:38)
	at sun.reflect.NativeMethodAccessorImpl.invoke0(Native Method)
	at sun.reflect.NativeMethodAccessorImpl.invoke(Unknown Source)
	at sun.reflect.DelegatingMethodAccessorImpl.invoke(Unknown Source)
	at java.lang.reflect.Method.invoke(Unknown Source)
	at org.testng.internal.MethodInvocationHelper.invokeMethod(MethodInvocationHelper.java:104)
	at org.testng.internal.Invoker.invokeConfigurationMethod(Invoker.java:515)
	at org.testng.internal.Invoker.invokeConfigurations(Invoker.java:217)
	at org.testng.internal.Invoker.invokeConfigurations(Invoker.java:144)
	at org.testng.internal.TestMethodWorker.invokeBeforeClassMethods(TestMethodWorker.java:169)
	at org.testng.internal.TestMethodWorker.run(TestMethodWorker.java:108)
	at org.testng.TestRunner.privateRun(TestRunner.java:756)
	at org.testng.TestRunner.run(TestRunner.java:610)
	at org.testng.SuiteRunner.runTest(SuiteRunner.java:387)
	at org.testng.SuiteRunner.runSequentially(SuiteRunner.java:382)
	at org.testng.SuiteRunner.privateRun(SuiteRunner.java:340)
	at org.testng.SuiteRunner.run(SuiteRunner.java:289)
	at org.testng.SuiteRunnerWorker.runSuite(SuiteRunnerWorker.java:52)
	at org.testng.SuiteRunnerWorker.run(SuiteRunnerWorker.java:86)
	at org.testng.TestNG.runSuitesSequentially(TestNG.java:1293)
	at org.testng.TestNG.runSuitesLocally(TestNG.java:1218)
	at org.testng.TestNG.runSuites(TestNG.java:1133)
	at org.testng.TestNG.run(TestNG.java:1104)
	at org.testng.remote.AbstractRemoteTestNG.run(AbstractRemoteTestNG.java:132)
	at org.testng.remote.RemoteTestNG.initAndRun(RemoteTestNG.java:236)
	at org.testng.remote.RemoteTestNG.main(RemoteTestNG.java:81)
]]>
            </full-stacktrace>
          </exception> <!-- java.lang.NullPointerException -->
          <reporter-output>
          </reporter-output>
        </test-method> <!-- setup -->
        <test-method status="SKIP" signature="getPetDetailsByStatus()[pri:0, instance:com.adjustSwaggerPetstore.testcases.PetPageTest@28feb3fa]" name="getPetDetailsByStatus" duration-ms="21" started-at="2021-11-10T13:07:42Z" finished-at="2021-11-10T13:07:42Z">
          <exception class="java.lang.NullPointerException">
            <full-stacktrace>
              <![CDATA[java.lang.NullPointerException
	at com.adjustSwaggerPetstore.pages.BaseClass.setup(BaseClass.java:38)
	at sun.reflect.NativeMethodAccessorImpl.invoke0(Native Method)
	at sun.reflect.NativeMethodAccessorImpl.invoke(Unknown Source)
	at sun.reflect.DelegatingMethodAccessorImpl.invoke(Unknown Source)
	at java.lang.reflect.Method.invoke(Unknown Source)
	at org.testng.internal.MethodInvocationHelper.invokeMethod(MethodInvocationHelper.java:104)
	at org.testng.internal.Invoker.invokeConfigurationMethod(Invoker.java:515)
	at org.testng.internal.Invoker.invokeConfigurations(Invoker.java:217)
	at org.testng.internal.Invoker.invokeConfigurations(Invoker.java:144)
	at org.testng.internal.TestMethodWorker.invokeBeforeClassMethods(TestMethodWorker.java:169)
	at org.testng.internal.TestMethodWorker.run(TestMethodWorker.java:108)
	at org.testng.TestRunner.privateRun(TestRunner.java:756)
	at org.testng.TestRunner.run(TestRunner.java:610)
	at org.testng.SuiteRunner.runTest(SuiteRunner.java:387)
	at org.testng.SuiteRunner.runSequentially(SuiteRunner.java:382)
	at org.testng.SuiteRunner.privateRun(SuiteRunner.java:340)
	at org.testng.SuiteRunner.run(SuiteRunner.java:289)
	at org.testng.SuiteRunnerWorker.runSuite(SuiteRunnerWorker.java:52)
	at org.testng.SuiteRunnerWorker.run(SuiteRunnerWorker.java:86)
	at org.testng.TestNG.runSuitesSequentially(TestNG.java:1293)
	at org.testng.TestNG.runSuitesLocally(TestNG.java:1218)
	at org.testng.TestNG.runSuites(TestNG.java:1133)
	at org.testng.TestNG.run(TestNG.java:1104)
	at org.testng.remote.AbstractRemoteTestNG.run(AbstractRemoteTestNG.java:132)
	at org.testng.remote.RemoteTestNG.initAndRun(RemoteTestNG.java:236)
	at org.testng.remote.RemoteTestNG.main(RemoteTestNG.java:81)
]]>
            </full-stacktrace>
          </exception> <!-- java.lang.NullPointerException -->
          <reporter-output>
          </reporter-output>
        </test-method> <!-- getPetDetailsByStatus -->
        <test-method status="SKIP" signature="tearDownMethod(org.testng.ITestResult)[pri:0, instance:com.adjustSwaggerPetstore.testcases.PetPageTest@28feb3fa]" name="tearDownMethod" is-config="true" duration-ms="0" started-at="2021-11-10T13:07:42Z" finished-at="2021-11-10T13:07:42Z">
          <reporter-output>
          </reporter-output>
        </test-method> <!-- tearDownMethod -->
        <test-method status="SKIP" signature="tearDown()[pri:0, instance:com.adjustSwaggerPetstore.testcases.PetPageTest@28feb3fa]" name="tearDown" is-config="true" duration-ms="0" started-at="2021-11-10T13:07:42Z" finished-at="2021-11-10T13:07:42Z">
          <reporter-output>
          </reporter-output>
        </test-method> <!-- tearDown -->
      </class> <!-- com.adjustSwaggerPetstore.testcases.PetPageTest -->
    </test> <!-- Test -->
  </suite> <!-- Suite -->
</testng-results>
