<?xml version="1.0" encoding="UTF-8"?>
<!-- Generated by org.testng.reporters.JUnitXMLReporter -->
<testsuite hostname="acs-PC" ignored="1" name="Command line test" tests="3" failures="0" timestamp="11 Nov 2021 14:48:08 GMT" time="133.447" errors="0">
  <testcase name="getPetDetailsByStatus" time="114.556" classname="com.adjustSwaggerPetstore.testcases.LaunchTest"/>
  <testcase name="launchUrlTest" time="0.039" classname="com.adjustSwaggerPetstore.testcases.LaunchTest"/>
  <testcase name="submitPetOrder" time="8.219" classname="com.adjustSwaggerPetstore.testcases.LaunchTest"/>
  <testcase name="@BeforeSuite setupSuite" time="0.0" classname="com.adjustSwaggerPetstore.pages.BaseClass">
    <ignored/>
  </testcase> <!-- @BeforeSuite setupSuite -->
</testsuite> <!-- Command line test -->
