<?xml version="1.0" encoding="UTF-8"?>
<!-- Generated by org.testng.reporters.JUnitXMLReporter -->
<testsuite hostname="acs-PC" ignored="1" name="Test" tests="2" failures="0" timestamp="10 Nov 2021 12:07:42 GMT" time="11.001" errors="0">
  <testcase name="@BeforeClass setup" time="0.0" classname="com.adjustSwaggerPetstore.pages.BaseClass">
    <failure type="java.lang.NullPointerException">
      <![CDATA[java.lang.NullPointerException
	at com.adjustSwaggerPetstore.pages.BaseClass.setup(BaseClass.java:38)
... Removed 25 stack frames]]>
    </failure>
  </testcase> <!-- @BeforeClass setup -->
  <testcase name="@AfterMethod tearDownMethod" time="0.0" classname="com.adjustSwaggerPetstore.pages.BaseClass">
    <skipped/>
  </testcase> <!-- @AfterMethod tearDownMethod -->
  <testcase name="@AfterClass tearDown" time="0.0" classname="com.adjustSwaggerPetstore.pages.BaseClass">
    <skipped/>
  </testcase> <!-- @AfterClass tearDown -->
  <testcase name="launchUrlTest" time="1.368" classname="com.adjustSwaggerPetstore.testcases.LaunchTest"/>
  <testcase name="getPetDetailsByStatus" time="0.021" classname="com.adjustSwaggerPetstore.testcases.PetPageTest">
    <skipped/>
  </testcase> <!-- getPetDetailsByStatus -->
  <testcase name="@BeforeSuite setupSuite" time="0.0" classname="com.adjustSwaggerPetstore.pages.BaseClass">
    <ignored/>
  </testcase> <!-- @BeforeSuite setupSuite -->
</testsuite> <!-- Test -->
